<?xml version="1.0" encoding="UTF-8"?>
<!-- Generated by org.testng.reporters.JUnitReportReporter -->
<testsuite hostname="DESKTOP-OKJ00F5" failures="0" tests="1" name="weatherstack.HistoricalWeather" time="0.621" errors="0" timestamp="2023-09-10T07:35:20 IST" skipped="0">
  <testcase classname="weatherstack.HistoricalWeather" name="getHistoricalWeather" time="0.621"/>
  <system-out/>
</testsuite> <!-- weatherstack.HistoricalWeather -->
