<?xml version="1.0" encoding="UTF-8"?>
<!-- Generated by org.testng.reporters.JUnitReportReporter -->
<testsuite hostname="DESKTOP-OKJ00F5" failures="0" tests="1" name="wiremock.CreateStub" time="0.709" errors="0" timestamp="2023-08-15T12:49:15 IST" skipped="0">
  <testcase classname="wiremock.CreateStub" name="create" time="0.709"/>
  <system-out/>
</testsuite> <!-- wiremock.CreateStub -->
