<?xml version="1.0" encoding="UTF-8"?>
<!-- Generated by org.testng.reporters.JUnitReportReporter -->
<testsuite hostname="DESKTOP-OKJ00F5" failures="0" tests="1" name="jira.UpdateIncident" time="0.673" errors="0" timestamp="2023-08-16T09:24:20 IST" skipped="0">
  <testcase classname="jira.UpdateIncident" name="updateIncidentJira" time="0.673"/>
  <system-out/>
</testsuite> <!-- jira.UpdateIncident -->
