<?xml version="1.0" encoding="UTF-8"?>
<!-- Generated by org.testng.reporters.JUnitReportReporter -->
<testsuite hostname="DESKTOP-OKJ00F5" failures="0" tests="1" name="wiremock.GetResponseFromStub" time="1.310" errors="0" timestamp="2023-08-12T09:39:41 IST" skipped="0">
  <testcase classname="wiremock.GetResponseFromStub" name="stub" time="1.310"/>
  <system-out/>
</testsuite> <!-- wiremock.GetResponseFromStub -->
