<?xml version="1.0" encoding="UTF-8"?>
<!-- Generated by org.testng.reporters.JUnitReportReporter -->
<testsuite hostname="DESKTOP-OKJ00F5" failures="0" tests="1" name="wiremock.MockRecording" time="1.570" errors="0" timestamp="2023-08-12T09:44:58 IST" skipped="0">
  <testcase classname="wiremock.MockRecording" name="record" time="1.570"/>
  <system-out/>
</testsuite> <!-- wiremock.MockRecording -->
