<?xml version="1.0" encoding="UTF-8"?>
<!-- Generated by org.testng.reporters.JUnitReportReporter -->
<testsuite hostname="DESKTOP-OKJ00F5" failures="0" tests="1" name="testcases.TC001_CreateLead" time="0.008" errors="0" timestamp="2023-11-05T08:55:09 IST" skipped="0">
  <testcase classname="testcases.TC001_CreateLead" name="createLead" time="0.008"/>
</testsuite> <!-- testcases.TC001_CreateLead -->
