<?xml version="1.0" encoding="UTF-8"?>
<!-- Generated by org.testng.reporters.JUnitReportReporter -->
<testsuite hostname="DESKTOP-OKJ00F5" failures="0" tests="1" name="assessment.practice.CreateServiceTerritories" time="22.454" errors="0" timestamp="2023-08-31T10:45:27 IST" skipped="0">
  <testcase classname="assessment.practice.CreateServiceTerritories" name="createServiceTerritories" time="22.454"/>
  <system-out/>
</testsuite> <!-- assessment.practice.CreateServiceTerritories -->
