<?xml version="1.0" encoding="UTF-8"?>
<!-- Generated by org.testng.reporters.JUnitReportReporter -->
<testsuite hostname="DESKTOP-OKJ00F5" failures="0" tests="1" name="practice.SeleniumAssignmentDay4" time="16.572" errors="0" timestamp="2023-08-25T10:41:54 IST" skipped="0">
  <testcase classname="practice.SeleniumAssignmentDay4" name="addQuestion" time="16.572"/>
  <system-out/>
</testsuite> <!-- practice.SeleniumAssignmentDay4 -->
