<?xml version="1.0" encoding="UTF-8"?>
<!-- Generated by org.testng.reporters.JUnitReportReporter -->
<testsuite hostname="DESKTOP-OKJ00F5" failures="0" tests="1" name="practice.SeleniumAssignmentDay7" time="19.214" errors="0" timestamp="2023-08-25T11:41:08 IST" skipped="0">
  <testcase classname="practice.SeleniumAssignmentDay7" name="addQuestion" time="19.214"/>
  <system-out/>
</testsuite> <!-- practice.SeleniumAssignmentDay7 -->
