<?xml version="1.0" encoding="UTF-8"?>
<!-- Generated by org.testng.reporters.JUnitReportReporter -->
<testsuite hostname="DESKTOP-OKJ00F5" failures="0" tests="1" name="assessment.practice.CreateTaskWithoutMandatoryFields" time="25.207" errors="0" timestamp="2023-08-29T17:22:18 IST" skipped="0">
  <testcase classname="assessment.practice.CreateTaskWithoutMandatoryFields" name="createTaskWithoutMandatoryFields" time="25.207"/>
  <system-out/>
</testsuite> <!-- assessment.practice.CreateTaskWithoutMandatoryFields -->
