<?xml version="1.0" encoding="UTF-8"?>
<!-- Generated by org.testng.reporters.JUnitReportReporter -->
<testsuite hostname="DESKTOP-OKJ00F5" failures="0" tests="1" name="assessment.practice.EditOpportunity" time="22.312" errors="0" timestamp="2023-08-30T19:51:53 IST" skipped="0">
  <testcase classname="assessment.practice.EditOpportunity" name="editOpportunity" time="22.312"/>
  <system-out/>
</testsuite> <!-- assessment.practice.EditOpportunity -->
