<?xml version="1.0" encoding="UTF-8"?>
<!-- Generated by org.testng.reporters.JUnitReportReporter -->
<testsuite hostname="DESKTOP-OKJ00F5" failures="0" tests="1" name="practice.SalesForceAssignmentDay1" time="20.340" errors="0" timestamp="2023-08-17T21:29:45 IST" skipped="0">
  <testcase classname="practice.SalesForceAssignmentDay1" name="setUp" time="20.340"/>
  <system-out/>
</testsuite> <!-- practice.SalesForceAssignmentDay1 -->
