<?xml version="1.0" encoding="UTF-8"?>
<!-- Generated by org.testng.reporters.JUnitReportReporter -->
<testsuite hostname="DESKTOP-OKJ00F5" failures="0" tests="1" name="assessment.practice.CreateNewOpportunity" time="21.790" errors="0" timestamp="2023-08-30T12:52:51 IST" skipped="0">
  <testcase classname="assessment.practice.CreateNewOpportunity" name="createNewOpportunity" time="21.790"/>
  <system-out/>
</testsuite> <!-- assessment.practice.CreateNewOpportunity -->
