<?xml version="1.0" encoding="UTF-8"?>
<!-- Generated by org.testng.reporters.JUnitReportReporter -->
<testsuite hostname="DESKTOP-OKJ00F5" failures="0" tests="4" name="testng.practice.TestNGAnnotationsExecutionOrder" time="0.019" errors="0" timestamp="2023-10-05T19:26:46 IST" skipped="0">
  <testcase classname="testng.practice.TestNGAnnotationsExecutionOrder" name="atest1" time="0.012"/>
  <system-out/>
  <testcase classname="testng.practice.TestNGAnnotationsExecutionOrder" name="btest3" time="0.002"/>
  <system-out/>
  <testcase classname="testng.practice.TestNGAnnotationsExecutionOrder" name="ctest4" time="0.005"/>
  <system-out/>
  <testcase classname="testng.practice.TestNGAnnotationsExecutionOrder" name="dtest2" time="0.000"/>
  <system-out/>
</testsuite> <!-- testng.practice.TestNGAnnotationsExecutionOrder -->
