<?xml version="1.0" encoding="UTF-8"?>
<!-- Generated by org.testng.reporters.JUnitReportReporter -->
<testsuite hostname="DESKTOP-OKJ00F5" failures="0" tests="1" name="assessment.practice.DeleteOppurtunity" time="20.713" errors="0" timestamp="2023-08-30T13:10:08 IST" skipped="0">
  <testcase classname="assessment.practice.DeleteOppurtunity" name="deleteOppurtunity" time="20.713"/>
  <system-out/>
</testsuite> <!-- assessment.practice.DeleteOppurtunity -->
