<?xml version="1.0" encoding="UTF-8"?>
<!-- Generated by org.testng.reporters.JUnitReportReporter -->
<testsuite hostname="DESKTOP-OKJ00F5" failures="0" tests="1" name="assessment.practice.EditTask" time="20.163" errors="0" timestamp="2023-08-30T13:13:48 IST" skipped="0">
  <testcase classname="assessment.practice.EditTask" name="editTask" time="20.163"/>
  <system-out/>
</testsuite> <!-- assessment.practice.EditTask -->
