<?xml version="1.0" encoding="UTF-8"?>
<!-- Generated by org.testng.reporters.JUnitReportReporter -->
<testsuite hostname="DESKTOP-OKJ00F5" failures="0" tests="1" name="assessment.practice.DeleteTask" time="20.580" errors="0" timestamp="2023-08-29T17:00:09 IST" skipped="0">
  <testcase classname="assessment.practice.DeleteTask" name="deleteTask" time="20.580"/>
  <system-out/>
</testsuite> <!-- assessment.practice.DeleteTask -->
