<?xml version="1.0" encoding="UTF-8"?>
<!-- Generated by org.testng.reporters.JUnitReportReporter -->
<testsuite hostname="DESKTOP-OKJ00F5" failures="0" tests="1" name="practice.SeleniumAssignmentDay3" time="20.248" errors="0" timestamp="2023-08-25T09:19:17 IST" skipped="0">
  <testcase classname="practice.SeleniumAssignmentDay3" name="setUp" time="20.248"/>
  <system-out/>
</testsuite> <!-- practice.SeleniumAssignmentDay3 -->
