<?xml version="1.0" encoding="UTF-8"?>
<!-- Generated by org.testng.reporters.JUnitReportReporter -->
<testsuite hostname="DESKTOP-OKJ00F5" failures="0" tests="1" name="practice.CreateNewStoryInJira" time="37.201" errors="0" timestamp="2023-09-09T16:30:08 IST" skipped="0">
  <testcase classname="practice.CreateNewStoryInJira" name="createNewStoryInJira" time="37.201"/>
  <system-out/>
</testsuite> <!-- practice.CreateNewStoryInJira -->
