<?xml version="1.0" encoding="UTF-8"?>
<!-- Generated by org.testng.reporters.JUnitReportReporter -->
<testsuite hostname="DESKTOP-OKJ00F5" failures="0" tests="1" name="practice.SeleniumAssignmentDay6" time="3.418" errors="0" timestamp="2023-08-25T11:03:07 IST" skipped="0">
  <testcase classname="practice.SeleniumAssignmentDay6" name="addQuestion" time="3.418"/>
  <system-out/>
</testsuite> <!-- practice.SeleniumAssignmentDay6 -->
