<?xml version="1.0" encoding="UTF-8"?>
<!-- Generated by org.testng.reporters.JUnitReportReporter -->
<testsuite hostname="DESKTOP-OKJ00F5" failures="0" tests="1" name="assessment.practice.EditServiceTerritories" time="17.975" errors="0" timestamp="2023-08-31T19:19:02 IST" skipped="0">
  <testcase classname="assessment.practice.EditServiceTerritories" name="editServiceTerritories" time="17.975"/>
  <system-out/>
</testsuite> <!-- assessment.practice.EditServiceTerritories -->
