<?xml version="1.0" encoding="UTF-8"?>
<!-- Generated by org.testng.reporters.JUnitReportReporter -->
<testsuite hostname="DESKTOP-OKJ00F5" failures="0" tests="1" name="practice.SelectClassPractice" time="3.789" errors="0" timestamp="2023-08-24T21:27:37 IST" skipped="0">
  <testcase classname="practice.SelectClassPractice" name="selectElement" time="3.789"/>
  <system-out/>
</testsuite> <!-- practice.SelectClassPractice -->
