<?xml version="1.0" encoding="UTF-8"?>
<!-- Generated by org.testng.reporters.JUnitReportReporter -->
<testsuite hostname="DESKTOP-OKJ00F5" failures="0" tests="1" name="practice.SeleniumAssignmentDay2" time="20.259" errors="0" timestamp="2023-08-25T08:25:30 IST" skipped="0">
  <testcase classname="practice.SeleniumAssignmentDay2" name="setUp" time="20.259"/>
  <system-out/>
</testsuite> <!-- practice.SeleniumAssignmentDay2 -->
