<?xml version="1.0" encoding="UTF-8"?>
<!-- Generated by org.testng.reporters.JUnitReportReporter -->
<testsuite hostname="DESKTOP-OKJ00F5" failures="0" tests="4" name="testng.practice.TestNGAnnotationsExecutionOrder" time="0.014" errors="0" timestamp="2023-10-20T21:36:20 IST" skipped="0">
  <testcase classname="testng.practice.TestNGAnnotationsExecutionOrder" name="atest1" time="0.007"/>
  <system-out/>
  <testcase classname="testng.practice.TestNGAnnotationsExecutionOrder" name="btest3" time="0.002"/>
  <system-out/>
  <testcase classname="testng.practice.TestNGAnnotationsExecutionOrder" name="ctest4" time="0.003"/>
  <system-out/>
  <testcase classname="testng.practice.TestNGAnnotationsExecutionOrder" name="dtest2" time="0.002"/>
  <system-out/>
</testsuite> <!-- testng.practice.TestNGAnnotationsExecutionOrder -->
