<?xml version="1.0" encoding="UTF-8"?>
<!-- Generated by org.testng.reporters.JUnitReportReporter -->
<testsuite hostname="DESKTOP-OKJ00F5" failures="0" tests="1" name="assessment.practice.CreateOpportunityWithoutMandatoryFields" time="17.854" errors="0" timestamp="2023-08-29T08:57:01 IST" skipped="0">
  <testcase classname="assessment.practice.CreateOpportunityWithoutMandatoryFields" name="createOpportunityWithoutMandatoryFields" time="17.854"/>
  <system-out/>
</testsuite> <!-- assessment.practice.CreateOpportunityWithoutMandatoryFields -->
