<?xml version="1.0" encoding="UTF-8"?>
<!-- Generated by org.testng.reporters.JUnitReportReporter -->
<testsuite hostname="DESKTOP-OKJ00F5" failures="0" tests="1" name="practice.SalesForceAssignmentDay2" time="22.445" errors="0" timestamp="2023-08-18T19:10:12 IST" skipped="0">
  <testcase classname="practice.SalesForceAssignmentDay2" name="setUp" time="22.445"/>
  <system-out/>
</testsuite> <!-- practice.SalesForceAssignmentDay2 -->
