<?xml version="1.0" encoding="UTF-8"?>
<!-- Generated by org.testng.reporters.JUnitReportReporter -->
<testsuite hostname="DESKTOP-OKJ00F5" failures="0" tests="1" name="practice.amazon" time="5.711" errors="0" timestamp="2023-08-12T22:43:16 IST" skipped="0">
  <testcase classname="practice.amazon" name="loginTest" time="5.711"/>
  <system-out/>
</testsuite> <!-- practice.amazon -->
