<?xml version="1.0" encoding="UTF-8"?>
<!-- Generated by org.testng.reporters.JUnitReportReporter -->
<testsuite hostname="DESKTOP-OKJ00F5" failures="0" tests="1" name="utility.ReadJSONFile" time="0.017" errors="0" timestamp="2023-10-17T16:58:22 IST" skipped="0">
  <testcase classname="utility.ReadJSONFile" name="readJSONFile" time="0.017"/>
  <system-out/>
</testsuite> <!-- utility.ReadJSONFile -->
