<?xml version="1.0" encoding="UTF-8"?>
<!-- Generated by org.testng.reporters.JUnitReportReporter -->
<testsuite hostname="DESKTOP-OKJ00F5" failures="0" tests="1" name="post.AddRecordFromJSONFile" time="2.388" errors="0" timestamp="2023-11-05T05:37:08 IST" skipped="0">
  <testcase classname="post.AddRecordFromJSONFile" name="addRecordFromJSONFile" time="2.388"/>
  <system-out/>
</testsuite> <!-- post.AddRecordFromJSONFile -->
