<?xml version="1.0" encoding="UTF-8"?>
<!-- Generated by org.testng.reporters.JUnitReportReporter -->
<testsuite hostname="DESKTOP-OKJ00F5" failures="0" tests="1" name="put.UpdateRecordPut" time="2.287" errors="0" timestamp="2023-11-03T11:00:17 IST" skipped="0">
  <testcase classname="put.UpdateRecordPut" name="updateRecordPut" time="2.287"/>
  <system-out/>
</testsuite> <!-- put.UpdateRecordPut -->
