<?xml version="1.0" encoding="UTF-8"?>
<!-- Generated by org.testng.reporters.JUnitReportReporter -->
<testsuite hostname="DESKTOP-OKJ00F5" failures="0" tests="1" name="delete.DeleteRecord" time="2.106" errors="0" timestamp="2023-11-03T11:20:27 IST" skipped="0">
  <testcase classname="delete.DeleteRecord" name="deleteRecord" time="2.106"/>
  <system-out/>
</testsuite> <!-- delete.DeleteRecord -->
