<?xml version="1.0" encoding="UTF-8"?>
<!-- Generated by org.testng.reporters.JUnitReportReporter -->
<testsuite hostname="DESKTOP-OKJ00F5" failures="0" tests="1" name="put.UpdateRecordBDD" time="1.938" errors="0" timestamp="2023-11-04T09:02:28 IST" skipped="0">
  <testcase classname="put.UpdateRecordBDD" name="updateRecordBDD" time="1.938"/>
  <system-out/>
</testsuite> <!-- put.UpdateRecordBDD -->
