<?xml version="1.0" encoding="UTF-8"?>
<!-- Generated by org.testng.reporters.JUnitReportReporter -->
<testsuite hostname="DESKTOP-OKJ00F5" failures="0" tests="1" name="delete.DeleteRecordBDD" time="1.878" errors="0" timestamp="2023-11-04T09:05:41 IST" skipped="0">
  <testcase classname="delete.DeleteRecordBDD" name="deletedRecordBDD" time="1.878"/>
  <system-out/>
</testsuite> <!-- delete.DeleteRecordBDD -->
