<?xml version="1.0" encoding="UTF-8"?>
<!-- Generated by org.testng.reporters.JUnitReportReporter -->
<testsuite hostname="DESKTOP-OKJ00F5" failures="0" tests="3" name="get.GetRequest" time="1.901" errors="0" timestamp="2023-11-04T08:13:42 IST" skipped="2">
  <testcase classname="get.GetRequest" name="getUsingBDDStyle" time="1.901"/>
  <system-out/>
  <testcase classname="get.GetRequest" name="getAllRecords">
    <skipped/>
  </testcase> <!-- getAllRecords -->
  <system-out/>
  <testcase classname="get.GetRequest" name="getSpecificRecord">
    <skipped/>
  </testcase> <!-- getSpecificRecord -->
  <system-out/>
</testsuite> <!-- get.GetRequest -->
