<?xml version="1.0" encoding="UTF-8"?>
<!-- Generated by org.testng.reporters.JUnitReportReporter -->
<testsuite hostname="DESKTOP-OKJ00F5" failures="0" tests="1" name="post.AddRecordPostMethod" time="2.231" errors="0" timestamp="2023-11-03T11:14:47 IST" skipped="0">
  <testcase classname="post.AddRecordPostMethod" name="addRecordPostMethod" time="2.231"/>
  <system-out/>
</testsuite> <!-- post.AddRecordPostMethod -->
