<?xml version="1.0" encoding="UTF-8"?>
<!-- Generated by org.testng.reporters.JUnitReportReporter -->
<testsuite hostname="DESKTOP-OKJ00F5" failures="0" tests="1" name="utils.ReadDataFromJsonFile" time="0.017" errors="0" timestamp="2023-11-05T07:21:01 IST" skipped="0">
  <testcase classname="utils.ReadDataFromJsonFile" name="readDataFromJsonFile" time="0.017"/>
  <system-out/>
</testsuite> <!-- utils.ReadDataFromJsonFile -->
