<?xml version="1.0" encoding="UTF-8"?>
<!-- Generated by org.testng.reporters.JUnitReportReporter -->
<testsuite hostname="DESKTOP-OKJ00F5" failures="0" tests="1" name="post.AddRecordBDD" time="2.261" errors="0" timestamp="2023-11-04T08:28:41 IST" skipped="0">
  <testcase classname="post.AddRecordBDD" name="addRecordBDD" time="2.261"/>
  <system-out/>
</testsuite> <!-- post.AddRecordBDD -->
