<?xml version="1.0" encoding="UTF-8"?>
<!-- Generated by org.testng.reporters.JUnitReportReporter -->
<testsuite hostname="DESKTOP-OKJ00F5" failures="0" tests="1" name="get.GetRequestBDD" time="1.981" errors="0" timestamp="2023-11-04T08:22:41 IST" skipped="0">
  <testcase classname="get.GetRequestBDD" name="getUsingBDDStyle" time="1.981"/>
  <system-out/>
</testsuite> <!-- get.GetRequestBDD -->
